<?xml version="1.0" encoding="UTF-8"?><testrun name="Boot01ApplicationTests" project="boot01" tests="1" started="1" failures="1" errors="0" ignored="0">
  <testsuite name="com.yedam.app.Boot01ApplicationTests" time="1.418" displayname="Boot01ApplicationTests" uniqueid="[engine:junit-jupiter]/[class:com.yedam.app.Boot01ApplicationTests]">
    <testcase name="contextLoads" classname="com.yedam.app.Boot01ApplicationTests" time="1.418" displayname="contextLoads()" uniqueid="[engine:junit-jupiter]/[class:com.yedam.app.Boot01ApplicationTests]/[method:contextLoads()]">
      <failure>java.lang.AssertionError&#13;
	at org.junit.Assert.fail(Assert.java:87)&#13;
	at org.junit.Assert.assertTrue(Assert.java:42)&#13;
	at org.junit.Assert.assertTrue(Assert.java:53)&#13;
	at com.yedam.app.Boot01ApplicationTests.contextLoads(Boot01ApplicationTests.java:27)&#13;
	at java.base/java.lang.reflect.Method.invoke(Method.java:580)&#13;
	at java.base/java.util.ArrayList.forEach(ArrayList.java:1596)&#13;
	at java.base/java.util.ArrayList.forEach(ArrayList.java:1596)&#13;
&#13;
</failure>
    </testcase>
  </testsuite>
</testrun>
